2016/09/21 22:50:35 にビルドを開始しました。
     1>ノード 2 上のプロジェクト "C:\Users\隆貴\Desktop\提出作品集\プログラム作品\シェーディング(VS2013)\GLSLProject\GLSLProject.vcxproj" (Build ターゲット)。
     1>ClCompile:
         C:\Program Files (x86)\Microsoft Visual Studio 12.0\VC\bin\CL.exe /c /Zi /nologo /W3 /WX- /sdl /O2 /Oi /Oy- /GL /D WIN32 /D NDEBUG /D _CONSOLE /D _LIB /D _UNICODE /D UNICODE /Gm- /EHsc /MD /GS /Gy /fp:precise /Zc:wchar_t /Zc:forScope /Fo"Release\\" /Fd"Release\vc120.pdb" /Gd /TP /analyze- /errorReport:prompt DDSLoader.cpp DiffuseShader.cpp FlatShader.cpp GLSLProgram.cpp Main.cpp PhongShader.cpp SubRoutine.cpp VBOTeapot.cpp
         DDSLoader.cpp
         DiffuseShader.cpp
         FlatShader.cpp
         GLSLProgram.cpp
         Main.cpp
         PhongShader.cpp
         SubRoutine.cpp
         VBOTeapot.cpp
       Link:
         C:\Program Files (x86)\Microsoft Visual Studio 12.0\VC\bin\link.exe /ERRORREPORT:PROMPT /OUT:"C:\Users\隆貴\Desktop\提出作品集\プログラム作品\シェーディング(VS2013)\Release\GLSLProject.exe" /INCREMENTAL:NO /NOLOGO kernel32.lib user32.lib gdi32.lib winspool.lib comdlg32.lib advapi32.lib shell32.lib ole32.lib oleaut32.lib uuid.lib odbc32.lib odbccp32.lib /MANIFEST /MANIFESTUAC:"level='asInvoker' uiAccess='false'" /manifest:embed /DEBUG /PDB:"C:\Users\隆貴\Desktop\提出作品集\プログラム作品\シェーディング(VS2013)\Release\GLSLProject.pdb" /SUBSYSTEM:CONSOLE /OPT:REF /OPT:ICF /LTCG /TLBID:1 /DYNAMICBASE /NXCOMPAT /IMPLIB:"C:\Users\隆貴\Desktop\提出作品集\プログラム作品\シェーディング(VS2013)\Release\GLSLProject.lib" /MACHINE:X86 /SAFESEH Release\DDSLoader.obj
         Release\DiffuseShader.obj
         Release\FlatShader.obj
         Release\GLSLProgram.obj
         Release\Main.obj
         Release\PhongShader.obj
         Release\SubRoutine.obj
         Release\VBOTeapot.obj
         コード生成しています。
         コード生成が終了しました。
         GLSLProject.vcxproj -> C:\Users\隆貴\Desktop\提出作品集\プログラム作品\シェーディング(VS2013)\Release\GLSLProject.exe
     1>プロジェクト "C:\Users\隆貴\Desktop\提出作品集\プログラム作品\シェーディング(VS2013)\GLSLProject\GLSLProject.vcxproj" (Build ターゲット) のビルドが完了しました。

ビルドに成功しました。

経過時間 00:00:13.37
